<?xml version="1.0" encoding="UTF-8"?>
<!-- Generated by org.testng.reporters.JUnitReportReporter -->
<testsuite hostname="DESKTOP-B9KJEIH" failures="0" tests="1" name="com.souceDemo.TestClasses.TC001_VerifyLoginFunctionality" time="12.055" errors="0" timestamp="2023-08-20T13:44:41 IST" skipped="0">
  <testcase classname="com.souceDemo.TestClasses.TC001_VerifyLoginFunctionality" name="verifyLoginFunctionality" time="12.055"/>
  <system-out/>
</testsuite> <!-- com.souceDemo.TestClasses.TC001_VerifyLoginFunctionality -->
